C:\USERS\DAN\DOWNLOADS\VIDEOANAFRAMEWORK3_DEMO\DEBUG\VIDEOANA.PCH
C:\USERS\DAN\DOWNLOADS\VIDEOANAFRAMEWORK3_DEMO\DEBUG\STDAFX.OBJ
C:\USERS\DAN\DOWNLOADS\VIDEOANAFRAMEWORK3_DEMO\DEBUG\VC110.PDB
C:\USERS\DAN\DOWNLOADS\VIDEOANAFRAMEWORK3_DEMO\DEBUG\MAINFRM.OBJ
C:\USERS\DAN\DOWNLOADS\VIDEOANAFRAMEWORK3_DEMO\DEBUG\PICBOX.OBJ
C:\USERS\DAN\DOWNLOADS\VIDEOANAFRAMEWORK3_DEMO\DEBUG\VIDEOANADOC.OBJ
C:\USERS\DAN\DOWNLOADS\VIDEOANAFRAMEWORK3_DEMO\DEBUG\VIDEOANA.OBJ
C:\USERS\DAN\DOWNLOADS\VIDEOANAFRAMEWORK3_DEMO\DEBUG\VIDEOANAVIEW.OBJ
C:\USERS\DAN\DOWNLOADS\VIDEOANAFRAMEWORK3_DEMO\DEBUG\VIDEOANA.ILK
C:\USERS\DAN\DOWNLOADS\VIDEOANAFRAMEWORK3_DEMO\DEBUG\VIDEOANA.EXE
C:\USERS\DAN\DOWNLOADS\VIDEOANAFRAMEWORK3_DEMO\DEBUG\VIDEOANA.PDB
C:\USERS\DAN\DOWNLOADS\VIDEOANAFRAMEWORK3_DEMO\DEBUG\VIDEOANA.RES
C:\Users\Dan\Downloads\VideoAnaFramework3_demo\Debug\MainFrm.obj
C:\Users\Dan\Downloads\VideoAnaFramework3_demo\Debug\PicBox.obj
C:\Users\Dan\Downloads\VideoAnaFramework3_demo\Debug\stdafx.obj
C:\Users\Dan\Downloads\VideoAnaFramework3_demo\Debug\VideoAna.obj
C:\Users\Dan\Downloads\VideoAnaFramework3_demo\Debug\VideoAnaDoc.obj
C:\Users\Dan\Downloads\VideoAnaFramework3_demo\Debug\VideoAnaView.obj
C:\Users\Dan\Downloads\VideoAnaFramework3_demo\Debug\VideoAna.ilk
C:\Users\Dan\Downloads\VideoAnaFramework3_demo\Debug\cl.command.1.tlog
C:\Users\Dan\Downloads\VideoAnaFramework3_demo\Debug\CL.read.1.tlog
C:\Users\Dan\Downloads\VideoAnaFramework3_demo\Debug\CL.write.1.tlog
C:\Users\Dan\Downloads\VideoAnaFramework3_demo\Debug\link-cvtres.read.1.tlog
C:\Users\Dan\Downloads\VideoAnaFramework3_demo\Debug\link-cvtres.write.1.tlog
C:\Users\Dan\Downloads\VideoAnaFramework3_demo\Debug\link-mt.read.1.tlog
C:\Users\Dan\Downloads\VideoAnaFramework3_demo\Debug\link-mt.write.1.tlog
C:\Users\Dan\Downloads\VideoAnaFramework3_demo\Debug\link-rc.read.1.tlog
C:\Users\Dan\Downloads\VideoAnaFramework3_demo\Debug\link-rc.write.1.tlog
C:\Users\Dan\Downloads\VideoAnaFramework3_demo\Debug\link.3480-cvtres.read.1.tlog
C:\Users\Dan\Downloads\VideoAnaFramework3_demo\Debug\link.3480-cvtres.write.1.tlog
C:\Users\Dan\Downloads\VideoAnaFramework3_demo\Debug\link.3480-mt.read.1.tlog
C:\Users\Dan\Downloads\VideoAnaFramework3_demo\Debug\link.3480-mt.write.1.tlog
C:\Users\Dan\Downloads\VideoAnaFramework3_demo\Debug\link.3480-rc.read.1.tlog
C:\Users\Dan\Downloads\VideoAnaFramework3_demo\Debug\link.3480-rc.write.1.tlog
C:\Users\Dan\Downloads\VideoAnaFramework3_demo\Debug\link.3480.read.1.tlog
C:\Users\Dan\Downloads\VideoAnaFramework3_demo\Debug\link.3480.write.1.tlog
C:\Users\Dan\Downloads\VideoAnaFramework3_demo\Debug\link.4916-cvtres.read.1.tlog
C:\Users\Dan\Downloads\VideoAnaFramework3_demo\Debug\link.4916-cvtres.write.1.tlog
C:\Users\Dan\Downloads\VideoAnaFramework3_demo\Debug\link.4916-mt.read.1.tlog
C:\Users\Dan\Downloads\VideoAnaFramework3_demo\Debug\link.4916-mt.write.1.tlog
C:\Users\Dan\Downloads\VideoAnaFramework3_demo\Debug\link.4916-rc.read.1.tlog
C:\Users\Dan\Downloads\VideoAnaFramework3_demo\Debug\link.4916-rc.write.1.tlog
C:\Users\Dan\Downloads\VideoAnaFramework3_demo\Debug\link.4916.read.1.tlog
C:\Users\Dan\Downloads\VideoAnaFramework3_demo\Debug\link.4916.write.1.tlog
C:\Users\Dan\Downloads\VideoAnaFramework3_demo\Debug\link.9532-cvtres.read.1.tlog
C:\Users\Dan\Downloads\VideoAnaFramework3_demo\Debug\link.9532-cvtres.write.1.tlog
C:\Users\Dan\Downloads\VideoAnaFramework3_demo\Debug\link.9532-mt.read.1.tlog
C:\Users\Dan\Downloads\VideoAnaFramework3_demo\Debug\link.9532-mt.write.1.tlog
C:\Users\Dan\Downloads\VideoAnaFramework3_demo\Debug\link.9532-rc.read.1.tlog
C:\Users\Dan\Downloads\VideoAnaFramework3_demo\Debug\link.9532-rc.write.1.tlog
C:\Users\Dan\Downloads\VideoAnaFramework3_demo\Debug\link.9532.read.1.tlog
C:\Users\Dan\Downloads\VideoAnaFramework3_demo\Debug\link.9532.write.1.tlog
C:\Users\Dan\Downloads\VideoAnaFramework3_demo\Debug\link.command.1.tlog
C:\Users\Dan\Downloads\VideoAnaFramework3_demo\Debug\link.read.1.tlog
C:\Users\Dan\Downloads\VideoAnaFramework3_demo\Debug\link.write.1.tlog
C:\Users\Dan\Downloads\VideoAnaFramework3_demo\Debug\rc.command.1.tlog
C:\Users\Dan\Downloads\VideoAnaFramework3_demo\Debug\rc.read.1.tlog
C:\Users\Dan\Downloads\VideoAnaFramework3_demo\Debug\rc.write.1.tlog
C:\Users\Dan\Downloads\VideoAnaFramework3_demo\Debug\VideoAna.res
C:\Users\Dan\Downloads\VideoAnaFramework3_demo\Debug\VideoAna.pch
C:\Users\Dan\Downloads\VideoAnaFramework3_demo\Debug\vc110.idb
C:\Users\Dan\Downloads\VideoAnaFramework3_demo\Debug\vc110.pdb
C:\Users\Dan\Downloads\VideoAnaFramework3_demo\Debug\VideoAna.pdb
C:\Users\Dan\Downloads\VideoAnaFramework3_demo\Debug\VideoAna.exe
